<?xml version="1.0" encoding="UTF-8"?>
<!-- Generated by org.testng.reporters.JUnitReportReporter -->
<testsuite skipped="0" hostname="LAPTOP-N9UP1OBF" name="playwrightproject.assignment" tests="4" failures="0" timestamp="03 Apr 2023 15:08:41 GMT" time="16.640" errors="0">
  <testcase name="create" time="6.866" classname="playwrightproject.assignment"/>
  <testcase name="Read" time="3.085" classname="playwrightproject.assignment"/>
  <testcase name="update" time="3.412" classname="playwrightproject.assignment"/>
  <testcase name="delete" time="3.277" classname="playwrightproject.assignment"/>
</testsuite> <!-- playwrightproject.assignment -->
