<?xml version="1.0" encoding="UTF-8"?>
<!-- Generated by org.testng.reporters.JUnitReportReporter -->
<testsuite skipped="0" hostname="LAPTOP-N9UP1OBF" name="playwrightproject.project" tests="4" failures="0" timestamp="03 Apr 2023 06:26:28 GMT" time="8.340" errors="0">
  <testcase name="createBook" time="2.487" classname="playwrightproject.project"/>
  <testcase name="updateBook" time="4.174" classname="playwrightproject.project"/>
  <testcase name="readBook" time="1.164" classname="playwrightproject.project"/>
  <testcase name="deleteBookDetails" time="0.515" classname="playwrightproject.project"/>
</testsuite> <!-- playwrightproject.project -->
