<?xml version="1.0" encoding="UTF-8"?>
<!-- Generated by org.testng.reporters.JUnitReportReporter -->
<testsuite skipped="0" hostname="LAPTOP-N9UP1OBF" name="playwrightproject.project" tests="4" failures="0" timestamp="03 Apr 2023 09:39:26 GMT" time="35.838" errors="1">
  <testcase name="createBook" time="1.385" classname="playwrightproject.project"/>
  <testcase name="updateBook" time="3.276" classname="playwrightproject.project"/>
  <testcase name="readBook" time="1.172" classname="playwrightproject.project"/>
  <testcase name="deleteBookDetails" time="30.005" classname="playwrightproject.project">
    <error type="com.microsoft.playwright.TimeoutError" message="Error {
  message=&#039;Timeout 30000ms exceeded.
=========================== logs ===========================
waiting for locator(&quot;xpath=//*[text()=&#039;Delete&#039;]&quot;)
============================================================
  name=&#039;TimeoutError
  stack=&#039;TimeoutError: Timeout 30000ms exceeded.
=========================== logs ===========================
waiting for locator(&quot;xpath=//*[text()=&#039;Delete&#039;]&quot;)
============================================================
    at ProgressController.run (C:\Users\balus\AppData\Local\Temp\playwright-java-3786726501825979373\package\lib\server\progress.js:88:26)
    at Frame.click (C:\Users\balus\AppData\Local\Temp\playwright-java-3786726501825979373\package\lib\server\frames.js:991:23)
    at FrameDispatcher.click (C:\Users\balus\AppData\Local\Temp\playwright-java-3786726501825979373\package\lib\server\dispatchers\frameDispatcher.js:149:30)
    at DispatcherConnection.dispatch (C:\Users\balus\AppData\Local\Temp\playwright-java-3786726501825979373\package\lib\server\dispatchers\dispatcher.js:312:46)
}">
      <![CDATA[com.microsoft.playwright.TimeoutError: Error {
  message='Timeout 30000ms exceeded.
=========================== logs ===========================
waiting for locator("xpath=//*[text()='Delete']")
============================================================
  name='TimeoutError
  stack='TimeoutError: Timeout 30000ms exceeded.
=========================== logs ===========================
waiting for locator("xpath=//*[text()='Delete']")
============================================================
    at ProgressController.run (C:\Users\balus\AppData\Local\Temp\playwright-java-3786726501825979373\package\lib\server\progress.js:88:26)
    at Frame.click (C:\Users\balus\AppData\Local\Temp\playwright-java-3786726501825979373\package\lib\server\frames.js:991:23)
    at FrameDispatcher.click (C:\Users\balus\AppData\Local\Temp\playwright-java-3786726501825979373\package\lib\server\dispatchers\frameDispatcher.js:149:30)
    at DispatcherConnection.dispatch (C:\Users\balus\AppData\Local\Temp\playwright-java-3786726501825979373\package\lib\server\dispatchers\dispatcher.js:312:46)
}
at com.microsoft.playwright.impl.WaitableResult.get(WaitableResult.java:52)
at com.microsoft.playwright.impl.ChannelOwner.runUntil(ChannelOwner.java:111)
at com.microsoft.playwright.impl.Connection.sendMessage(Connection.java:126)
at com.microsoft.playwright.impl.ChannelOwner.sendMessage(ChannelOwner.java:102)
at com.microsoft.playwright.impl.FrameImpl.clickImpl(FrameImpl.java:252)
at com.microsoft.playwright.impl.PageImpl.lambda$click$17(PageImpl.java:603)
at com.microsoft.playwright.impl.LoggingSupport.lambda$withLogging$0(LoggingSupport.java:36)
at com.microsoft.playwright.impl.LoggingSupport.withLogging(LoggingSupport.java:47)
at com.microsoft.playwright.impl.ChannelOwner.withLogging(ChannelOwner.java:87)
at com.microsoft.playwright.impl.LoggingSupport.withLogging(LoggingSupport.java:35)
at com.microsoft.playwright.impl.PageImpl.click(PageImpl.java:602)
at com.microsoft.playwright.Page.click(Page.java:3683)
at playwrightproject.project.deleteBookDetails(project.java:92)
at sun.reflect.NativeMethodAccessorImpl.invoke0(Native Method)
at sun.reflect.NativeMethodAccessorImpl.invoke(Unknown Source)
at sun.reflect.DelegatingMethodAccessorImpl.invoke(Unknown Source)
at java.lang.reflect.Method.invoke(Unknown Source)
at org.testng.internal.MethodInvocationHelper.invokeMethod(MethodInvocationHelper.java:124)
at org.testng.internal.Invoker.invokeMethod(Invoker.java:583)
at org.testng.internal.Invoker.invokeTestMethod(Invoker.java:719)
at org.testng.internal.Invoker.invokeTestMethods(Invoker.java:989)
at org.testng.internal.TestMethodWorker.invokeTestMethods(TestMethodWorker.java:125)
at org.testng.internal.TestMethodWorker.run(TestMethodWorker.java:109)
at org.testng.TestRunner.privateRun(TestRunner.java:648)
at org.testng.TestRunner.run(TestRunner.java:505)
at org.testng.SuiteRunner.runTest(SuiteRunner.java:455)
at org.testng.SuiteRunner.runSequentially(SuiteRunner.java:450)
at org.testng.SuiteRunner.privateRun(SuiteRunner.java:415)
at org.testng.SuiteRunner.run(SuiteRunner.java:364)
at org.testng.SuiteRunnerWorker.runSuite(SuiteRunnerWorker.java:52)
at org.testng.SuiteRunnerWorker.run(SuiteRunnerWorker.java:84)
at org.testng.TestNG.runSuitesSequentially(TestNG.java:1208)
at org.testng.TestNG.runSuitesLocally(TestNG.java:1137)
at org.testng.TestNG.runSuites(TestNG.java:1049)
at org.testng.TestNG.run(TestNG.java:1017)
at org.testng.remote.AbstractRemoteTestNG.run(AbstractRemoteTestNG.java:115)
at org.testng.remote.RemoteTestNG.initAndRun(RemoteTestNG.java:251)
at org.testng.remote.RemoteTestNG.main(RemoteTestNG.java:77)
Caused by: com.microsoft.playwright.TimeoutError: Error {
  message='Timeout 30000ms exceeded.
=========================== logs ===========================
waiting for locator("xpath=//*[text()='Delete']")
============================================================
  name='TimeoutError
  stack='TimeoutError: Timeout 30000ms exceeded.
=========================== logs ===========================
waiting for locator("xpath=//*[text()='Delete']")
============================================================
    at ProgressController.run (C:\Users\balus\AppData\Local\Temp\playwright-java-3786726501825979373\package\lib\server\progress.js:88:26)
    at Frame.click (C:\Users\balus\AppData\Local\Temp\playwright-java-3786726501825979373\package\lib\server\frames.js:991:23)
    at FrameDispatcher.click (C:\Users\balus\AppData\Local\Temp\playwright-java-3786726501825979373\package\lib\server\dispatchers\frameDispatcher.js:149:30)
    at DispatcherConnection.dispatch (C:\Users\balus\AppData\Local\Temp\playwright-java-3786726501825979373\package\lib\server\dispatchers\dispatcher.js:312:46)
}
at com.microsoft.playwright.impl.Connection.dispatch(Connection.java:224)
at com.microsoft.playwright.impl.Connection.processOneMessage(Connection.java:206)
at com.microsoft.playwright.impl.ChannelOwner.runUntil(ChannelOwner.java:109)
... 36 more
]]>
    </error>
  </testcase> <!-- deleteBookDetails -->
</testsuite> <!-- playwrightproject.project -->
