<?xml version="1.0" encoding="UTF-8"?>
<!-- Generated by org.testng.reporters.JUnitReportReporter -->
<testsuite skipped="0" hostname="LAPTOP-N9UP1OBF" name="playwrightproject.fun" tests="4" failures="0" timestamp="03 Apr 2023 13:09:19 GMT" time="18.318" errors="0">
  <testcase name="create" time="7.801" classname="playwrightproject.fun"/>
  <testcase name="Read" time="3.166" classname="playwrightproject.fun"/>
  <testcase name="update" time="3.743" classname="playwrightproject.fun"/>
  <testcase name="delete" time="3.608" classname="playwrightproject.fun"/>
</testsuite> <!-- playwrightproject.fun -->
